<?xml version="1.0" encoding="UTF-8"?>
<!-- Generated by org.testng.reporters.JUnitReportReporter -->
<testsuite hostname="DESKTOP-UN80K90" failures="0" tests="1" name="Ra13" time="1.500" errors="0" timestamp="23 Mar 2021 07:31:33 GMT" skipped="0">
  <testcase classname="Ra13" name="Registration" time="1.500"/>
</testsuite> <!-- Ra13 -->
